TN:
SF:src/admin/health.controller.ts
FN:26,(anonymous_2)
FN:34,(anonymous_3)
FN:36,(anonymous_4)
FN:47,(anonymous_5)
FN:48,(anonymous_6)
FNF:5
FNH:1
FNDA:10,(anonymous_2)
FNDA:0,(anonymous_3)
FNDA:0,(anonymous_4)
FNDA:0,(anonymous_5)
FNDA:0,(anonymous_6)
DA:6,10
DA:7,10
DA:8,10
DA:13,10
DA:21,10
DA:27,10
DA:28,10
DA:34,10
DA:35,0
DA:36,0
DA:47,10
DA:48,0
LF:12
LH:9
BRF:0
BRH:0
end_of_record
TN:
SF:src/admin/prometheus.controller.ts
FN:21,(anonymous_5)
FN:39,(anonymous_6)
FNF:2
FNH:1
FNDA:10,(anonymous_5)
FNDA:0,(anonymous_6)
DA:6,10
DA:7,10
DA:9,10
DA:17,10
DA:23,10
DA:24,10
DA:25,10
DA:27,10
DA:28,10
DA:35,10
DA:39,10
DA:42,0
DA:43,0
LF:13
LH:11
BRF:0
BRH:0
end_of_record
TN:
SF:src/auto/entity/ausstattung.entity.ts
FN:57,(anonymous_2)
FN:53,(anonymous_3)
FN:53,(anonymous_4)
FNF:3
FNH:2
FNDA:0,(anonymous_2)
FNDA:10,(anonymous_3)
FNDA:10,(anonymous_4)
DA:6,10
DA:13,10
DA:14,10
DA:15,10
DA:18,10
DA:24,10
DA:30,10
DA:41,10
DA:48,10
DA:53,10
DA:55,10
DA:57,10
DA:58,0
LF:13
LH:12
BRF:0
BRH:0
end_of_record
TN:
SF:src/auto/entity/auto.entity.ts
FN:101,(anonymous_2)
FN:91,(anonymous_3)
FN:91,(anonymous_4)
FN:96,(anonymous_5)
FN:96,(anonymous_6)
FNF:5
FNH:5
FNDA:18,(anonymous_2)
FNDA:10,(anonymous_3)
FNDA:10,(anonymous_4)
FNDA:10,(anonymous_5)
FNDA:10,(anonymous_6)
DA:6,10
DA:16,10
DA:17,10
DA:18,10
DA:19,10
DA:37,10
DA:40,10
DA:43,10
DA:47,10
DA:51,10
DA:55,10
DA:59,10
DA:63,10
DA:71,10
DA:75,10
DA:79,10
DA:84,10
DA:89,10
DA:91,10
DA:94,10
DA:96,10
DA:99,10
DA:101,45
DA:102,18
LF:24
LH:24
BRF:0
BRH:0
end_of_record
TN:
SF:src/auto/entity/decimal-transformer.ts
FN:14,(anonymous_0)
FN:21,(anonymous_1)
FNF:2
FNH:2
FNDA:10,(anonymous_0)
FNDA:25,(anonymous_1)
DA:10,10
DA:15,10
DA:22,25
LF:3
LH:3
BRDA:22,0,0,0
BRDA:22,0,1,25
BRF:2
BRH:1
end_of_record
TN:
SF:src/auto/entity/eigentuemer.entity.ts
FN:30,(anonymous_2)
FN:26,(anonymous_3)
FN:26,(anonymous_4)
FNF:3
FNH:2
FNDA:0,(anonymous_2)
FNDA:10,(anonymous_3)
FNDA:10,(anonymous_4)
DA:1,10
DA:8,10
DA:11,10
DA:14,10
DA:18,10
DA:21,10
DA:24,10
DA:26,10
DA:28,10
DA:30,35
DA:31,0
LF:11
LH:10
BRF:0
BRH:0
end_of_record
TN:
SF:src/auto/entity/entities.ts
FNF:0
FNH:0
DA:1,10
DA:2,10
DA:3,10
DA:6,10
LF:4
LH:4
BRF:0
BRH:0
end_of_record
TN:
SF:src/auto/graphql/auto-Mutation.resolver.ts
FN:30,(anonymous_4)
FN:36,(anonymous_5)
FN:55,(anonymous_6)
FN:89,(anonymous_7)
FN:129,(anonymous_8)
FNF:5
FNH:5
FNDA:10,(anonymous_4)
FNDA:1,(anonymous_5)
FNDA:1,(anonymous_6)
FNDA:2,(anonymous_7)
FNDA:1,(anonymous_8)
DA:1,10
DA:2,10
DA:3,10
DA:4,10
DA:8,10
DA:9,10
DA:10,10
DA:11,10
DA:26,10
DA:28,10
DA:31,10
DA:36,10
DA:37,1
DA:39,1
DA:40,1
DA:42,1
DA:43,1
DA:47,1
DA:48,1
DA:55,1
DA:56,1
DA:63,1
DA:65,1
DA:83,1
DA:84,1
DA:89,10
DA:94,2
DA:97,2
DA:98,2
DA:99,2
DA:105,1
DA:106,1
DA:109,2
DA:129,10
DA:130,1
DA:132,1
DA:133,1
LF:37
LH:37
BRF:0
BRH:0
end_of_record
TN:
SF:src/auto/graphql/auto-query.resolver.ts
FN:28,(anonymous_4)
FN:34,(anonymous_5)
FN:52,(anonymous_6)
FNF:3
FNH:3
FNDA:10,(anonymous_4)
FNDA:2,(anonymous_5)
FNDA:3,(anonymous_6)
DA:1,10
DA:2,10
DA:6,10
DA:8,10
DA:9,10
DA:10,10
DA:11,10
DA:24,10
DA:26,10
DA:29,10
DA:34,10
DA:35,2
DA:37,2
DA:39,1
DA:40,1
DA:47,1
DA:52,10
DA:53,3
DA:54,3
DA:55,2
DA:56,2
LF:21
LH:21
BRDA:39,0,0,1
BRF:1
BRH:1
end_of_record
TN:
SF:src/auto/graphql/errors.ts
FN:15,(anonymous_0)
FNF:1
FNH:1
FNDA:6,(anonymous_0)
DA:6,10
DA:13,10
DA:16,6
LF:3
LH:3
BRF:0
BRH:0
end_of_record
TN:
SF:src/auto/graphql/http-exception.filter.ts
FN:32,(anonymous_1)
FNF:1
FNH:1
FNDA:5,(anonymous_1)
DA:22,10
DA:28,10
DA:31,10
DA:34,5
DA:35,5
LF:5
LH:5
BRF:0
BRH:0
end_of_record
TN:
SF:src/auto/graphql/https-exception.filter.ts
FN:15,(anonymous_1)
FNF:1
FNH:0
FNDA:0,(anonymous_1)
DA:14,0
DA:17,0
DA:18,0
LF:3
LH:0
BRF:0
BRH:0
end_of_record
TN:
SF:src/auto/rest/ausstattungDTO.entity.ts
FNF:0
FNH:0
DA:6,10
DA:7,10
DA:12,10
DA:16,10
DA:19,10
DA:22,10
LF:6
LH:6
BRF:0
BRH:0
end_of_record
TN:
SF:src/auto/rest/auto-get.controller.ts
FN:138,(anonymous_4)
FN:179,(anonymous_5)
FN:233,(anonymous_6)
FN:249,(anonymous_7)
FNF:4
FNH:4
FNDA:10,(anonymous_4)
FNDA:4,(anonymous_5)
FNDA:8,(anonymous_6)
FNDA:9,(anonymous_7)
DA:6,10
DA:21,10
DA:25,10
DA:38,10
DA:39,10
DA:40,10
DA:41,10
DA:42,10
DA:96,10
DA:98,10
DA:101,10
DA:104,10
DA:107,10
DA:110,10
DA:113,10
DA:116,10
DA:119,10
DA:122,10
DA:125,10
DA:133,10
DA:136,10
DA:139,10
DA:179,10
DA:185,4
DA:186,4
DA:187,4
DA:188,0
DA:189,0
DA:192,4
DA:193,0
DA:194,0
DA:197,4
DA:198,3
DA:199,3
DA:200,3
DA:204,3
DA:205,3
DA:206,1
DA:207,1
DA:209,2
DA:210,2
DA:213,2
DA:214,2
DA:215,2
DA:233,10
DA:238,8
DA:240,8
DA:241,0
DA:242,0
DA:245,8
DA:246,5
DA:249,9
DA:250,5
DA:252,5
DA:253,5
DA:257,11
DA:258,11
DA:259,11
DA:260,11
DA:270,11
DA:271,11
DA:278,11
DA:291,11
LF:63
LH:57
BRDA:187,0,0,0
BRDA:192,1,0,0
BRDA:198,2,0,3
BRDA:205,3,0,1
BRDA:240,4,0,0
BRDA:256,5,0,2
BRDA:260,6,0,2
BRDA:260,6,1,9
BRDA:273,7,0,11
BRDA:273,7,1,0
BRDA:274,8,0,11
BRDA:274,8,1,0
BRDA:275,9,0,11
BRDA:275,9,1,0
BRF:14
BRH:8
end_of_record
TN:
SF:src/auto/rest/auto-write.controller.ts
FN:59,(anonymous_4)
FN:82,(anonymous_5)
FN:142,(anonymous_6)
FN:186,(anonymous_7)
FN:200,(anonymous_8)
FN:229,(anonymous_9)
FNF:6
FNH:6
FNDA:10,(anonymous_4)
FNDA:2,(anonymous_5)
FNDA:4,(anonymous_6)
FNDA:1,(anonymous_7)
FNDA:2,(anonymous_8)
FNDA:2,(anonymous_9)
DA:5,10
DA:17,10
DA:18,10
DA:33,10
DA:37,10
DA:39,10
DA:40,10
DA:41,10
DA:42,10
DA:45,10
DA:54,10
DA:57,10
DA:60,10
DA:82,10
DA:87,2
DA:89,2
DA:90,2
DA:92,1
DA:93,1
DA:94,1
DA:142,10
DA:148,4
DA:155,4
DA:156,1
DA:157,1
DA:158,1
DA:164,3
DA:165,3
DA:166,1
DA:167,1
DA:186,10
DA:187,1
DA:188,1
DA:192,2
DA:193,2
DA:200,2
DA:201,2
DA:208,2
DA:210,2
DA:228,2
DA:229,2
DA:230,2
DA:232,2
DA:236,3
LF:44
LH:44
BRDA:155,0,0,1
BRF:1
BRH:1
end_of_record
TN:
SF:src/auto/rest/autoDTO.entity.ts
FN:83,(anonymous_2)
FN:90,(anonymous_3)
FNF:2
FNH:2
FNDA:8,(anonymous_2)
FNDA:4,(anonymous_3)
DA:11,10
DA:27,10
DA:28,10
DA:29,10
DA:30,10
DA:35,10
DA:40,10
DA:45,10
DA:52,10
DA:57,10
DA:62,10
DA:66,10
DA:70,10
DA:75,10
DA:81,10
DA:83,8
DA:85,10
DA:90,4
DA:92,10
LF:19
LH:19
BRF:0
BRH:0
end_of_record
TN:
SF:src/auto/rest/eigentuemerDTO.entity.ts
FNF:0
FNH:0
DA:6,10
DA:7,10
DA:11,10
DA:15,10
DA:19,10
DA:25,10
LF:6
LH:6
BRF:0
BRH:0
end_of_record
TN:
SF:src/auto/rest/getBaseUri.ts
FN:11,(anonymous_0)
FNF:1
FNH:1
FNDA:12,(anonymous_0)
DA:5,10
DA:7,10
DA:9,10
DA:11,10
DA:12,12
DA:13,12
DA:14,12
DA:15,12
DA:16,11
DA:17,11
DA:18,2
DA:21,12
LF:12
LH:12
BRDA:13,0,0,4
BRDA:13,0,1,8
BRDA:15,1,0,11
BRDA:17,2,0,2
BRF:4
BRH:4
end_of_record
TN:
SF:src/auto/service/auto-read.service.ts
FN:55,(anonymous_2)
FN:67,(anonymous_3)
FN:99,(anonymous_4)
FN:127,(anonymous_5)
FNF:4
FNH:4
FNDA:10,(anonymous_2)
FNDA:12,(anonymous_3)
FNDA:11,(anonymous_4)
FNDA:10,(anonymous_5)
DA:6,10
DA:11,10
DA:13,10
DA:14,10
DA:46,10
DA:47,10
DA:53,10
DA:56,10
DA:57,10
DA:58,10
DA:68,12
DA:70,12
DA:73,12
DA:74,4
DA:77,8
DA:78,8
DA:83,8
DA:84,0
DA:90,8
DA:100,11
DA:102,11
DA:103,0
DA:105,11
DA:106,11
DA:107,1
DA:110,10
DA:111,2
DA:114,8
DA:115,8
DA:116,2
DA:117,2
DA:121,6
DA:122,6
DA:126,10
DA:127,10
DA:128,10
DA:129,2
DA:133,2
DA:136,10
LF:39
LH:37
BRDA:67,0,0,10
BRDA:73,1,0,4
BRDA:77,2,0,8
BRDA:83,3,0,0
BRDA:102,4,0,0
BRDA:106,5,0,1
BRDA:110,6,0,2
BRDA:115,7,0,2
BRDA:128,8,0,2
BRF:9
BRH:7
end_of_record
TN:
SF:src/auto/service/auto-write.service.ts
FN:49,(anonymous_4)
FN:64,(anonymous_5)
FN:84,(anonymous_6)
FN:117,(anonymous_7)
FN:125,(anonymous_8)
FNF:5
FNH:5
FNDA:10,(anonymous_4)
FNDA:3,(anonymous_5)
FNDA:5,(anonymous_6)
FNDA:2,(anonymous_7)
FNDA:2,(anonymous_8)
DA:6,10
DA:7,10
DA:12,10
DA:13,10
DA:14,10
DA:15,10
DA:16,10
DA:17,10
DA:18,10
DA:38,10
DA:39,10
DA:45,10
DA:54,10
DA:55,10
DA:56,10
DA:65,3
DA:66,3
DA:68,2
DA:69,2
DA:71,2
DA:72,2
DA:85,5
DA:91,5
DA:92,0
DA:93,0
DA:96,5
DA:97,2
DA:98,2
DA:99,0
DA:102,2
DA:103,2
DA:104,2
DA:105,2
DA:106,2
DA:108,2
DA:118,2
DA:119,2
DA:125,2
DA:126,2
DA:127,2
DA:128,2
DA:130,2
DA:131,2
DA:133,2
DA:141,3
DA:142,3
DA:143,1
DA:152,5
DA:153,4
DA:157,4
DA:161,2
DA:162,2
DA:166,5
DA:167,5
DA:171,1
DA:173,4
DA:177,4
DA:178,2
DA:179,2
DA:180,0
DA:184,0
DA:186,2
DA:190,2
DA:191,2
DA:192,2
DA:193,2
DA:195,2
LF:67
LH:62
BRDA:91,0,0,0
BRDA:98,1,0,0
BRDA:127,2,0,2
BRDA:134,3,0,2
BRDA:134,3,1,2
BRDA:134,3,2,2
BRDA:142,4,0,1
BRDA:167,5,0,1
BRDA:168,6,0,5
BRDA:168,6,1,5
BRDA:179,7,0,0
BRDA:192,8,0,2
BRDA:192,8,1,0
BRF:13
BRH:9
end_of_record
TN:
SF:src/auto/service/exceptions.ts
FN:12,(anonymous_0)
FN:24,(anonymous_1)
FN:36,(anonymous_2)
FNF:3
FNH:2
FNDA:1,(anonymous_0)
FNDA:1,(anonymous_1)
FNDA:0,(anonymous_2)
DA:7,10
DA:11,10
DA:12,1
DA:13,1
DA:23,10
DA:24,1
DA:25,1
DA:35,10
DA:36,0
DA:37,0
LF:10
LH:8
BRF:0
BRH:0
end_of_record
TN:
SF:src/auto/service/query-builder.ts
FN:43,(anonymous_4)
FN:52,(anonymous_5)
FN:76,(anonymous_6)
FN:99,(anonymous_7)
FNF:4
FNH:4
FNDA:10,(anonymous_4)
FNDA:12,(anonymous_5)
FNDA:9,(anonymous_6)
FNDA:2,(anonymous_7)
DA:4,10
DA:5,10
DA:6,10
DA:7,10
DA:8,10
DA:9,10
DA:11,10
DA:26,10
DA:27,10
DA:31,10
DA:35,10
DA:41,10
DA:44,10
DA:54,12
DA:56,12
DA:61,12
DA:62,0
DA:67,12
DA:68,12
DA:77,9
DA:83,9
DA:84,9
DA:89,9
DA:90,9
DA:91,6
DA:92,6
DA:96,6
DA:99,9
DA:100,2
DA:102,2
DA:103,2
DA:112,2
DA:115,9
DA:116,9
LF:34
LH:33
BRDA:52,0,0,0
BRDA:61,1,0,0
BRDA:90,2,0,6
BRDA:90,3,0,9
BRDA:90,3,1,6
BRDA:103,4,0,2
BRDA:103,4,1,0
BRF:7
BRH:4
end_of_record
TN:
SF:src/config/app.ts
FNF:0
FNH:0
DA:1,10
DA:2,10
DA:3,10
DA:5,10
DA:7,10
DA:9,10
DA:10,10
LF:7
LH:7
BRDA:5,0,0,10
BRDA:5,0,1,0
BRF:2
BRH:1
end_of_record
TN:
SF:src/config/cors.ts
FNF:0
FNH:0
DA:19,0
LF:1
LH:0
BRF:0
BRH:0
end_of_record
TN:
SF:src/config/db.ts
FNF:0
FNH:0
DA:22,10
DA:25,10
DA:26,10
DA:31,10
DA:34,10
LF:5
LH:5
BRDA:35,0,0,10
BRDA:35,0,1,0
BRDA:35,1,0,10
BRDA:35,1,1,0
BRDA:35,1,2,0
BRDA:35,1,3,0
BRF:6
BRH:2
end_of_record
TN:
SF:src/config/dbType.ts
FNF:0
FNH:0
DA:4,0
DA:9,0
DA:12,0
LF:3
LH:0
BRDA:12,0,0,0
BRDA:12,0,1,0
BRDA:12,1,0,0
BRDA:12,1,1,0
BRDA:12,1,2,0
BRF:5
BRH:0
end_of_record
TN:
SF:src/config/env.ts
FNF:0
FNH:0
DA:23,10
DA:24,10
DA:28,10
DA:30,10
DA:39,10
DA:52,10
LF:6
LH:6
BRF:0
BRH:0
end_of_record
TN:
SF:src/config/health.ts
FNF:0
FNH:0
DA:10,0
DA:17,0
DA:22,0
DA:23,0
LF:4
LH:0
BRDA:19,0,0,0
BRDA:19,0,1,0
BRDA:22,1,0,0
BRF:3
BRH:0
end_of_record
TN:
SF:src/config/https.ts
FNF:0
FNH:0
DA:7,10
DA:8,10
DA:9,10
DA:15,10
DA:16,10
DA:19,10
LF:6
LH:6
BRF:0
BRH:0
end_of_record
TN:
SF:src/config/keycloak.ts
FNF:0
FNH:0
DA:7,10
DA:12,10
DA:13,10
DA:14,10
DA:15,10
DA:17,10
DA:19,10
DA:21,10
DA:22,10
DA:24,10
DA:27,10
DA:30,10
DA:40,10
DA:41,0
DA:43,10
DA:44,10
DA:48,10
DA:55,10
LF:18
LH:17
BRDA:19,0,0,10
BRDA:19,0,1,0
BRDA:21,1,0,10
BRDA:21,1,1,0
BRDA:22,2,0,10
BRDA:22,2,1,0
BRDA:24,3,0,10
BRDA:24,3,1,0
BRDA:35,4,0,10
BRDA:35,4,1,0
BRDA:40,5,0,0
BRDA:40,5,1,10
BRF:12
BRH:6
end_of_record
TN:
SF:src/config/logger.ts
FNF:0
FNH:0
DA:3,10
DA:4,10
DA:5,10
DA:6,10
DA:13,10
DA:14,10
DA:15,10
DA:17,10
DA:21,10
DA:25,10
DA:28,10
DA:37,10
DA:38,10
DA:39,0
DA:40,10
DA:41,10
DA:43,10
DA:45,10
DA:49,10
DA:54,10
DA:60,10
DA:66,10
DA:75,10
DA:78,10
LF:24
LH:23
BRDA:21,0,0,10
BRDA:21,0,1,0
BRDA:25,1,0,10
BRDA:25,1,1,0
BRDA:38,2,0,0
BRDA:38,2,1,10
BRDA:40,3,0,10
BRDA:66,4,0,10
BRDA:66,4,1,0
BRDA:79,5,0,0
BRDA:79,5,1,10
BRF:11
BRH:6
end_of_record
TN:
SF:src/config/mail.ts
FNF:0
FNH:0
DA:8,10
DA:9,10
DA:11,10
DA:13,10
DA:17,10
DA:19,10
DA:20,10
DA:27,10
DA:42,10
DA:46,10
DA:47,10
DA:48,10
LF:12
LH:12
BRDA:13,0,0,10
BRDA:13,0,1,0
BRDA:17,1,0,10
BRDA:17,1,1,0
BRDA:19,2,0,10
BRDA:19,2,1,0
BRDA:47,3,0,10
BRF:7
BRH:4
end_of_record
TN:
SF:src/config/node.ts
FNF:0
FNH:0
DA:23,10
DA:24,10
DA:25,10
DA:26,10
DA:28,10
DA:30,10
DA:31,10
DA:45,10
LF:8
LH:8
BRDA:31,0,0,10
BRDA:31,0,1,0
BRF:2
BRH:1
end_of_record
TN:
SF:src/config/paths.ts
FNF:0
FNH:0
DA:1,10
LF:1
LH:1
BRF:0
BRH:0
end_of_record
TN:
SF:src/config/typeormNamingStrategy.ts
FN:29,(anonymous_0)
FN:37,(anonymous_1)
FN:48,(anonymous_2)
FN:52,(anonymous_3)
FN:60,(anonymous_4)
FN:74,(anonymous_5)
FN:83,(anonymous_6)
FN:90,(anonymous_7)
FN:99,(anonymous_8)
FN:103,(anonymous_9)
FN:113,(anonymous_10)
FN:117,(anonymous_11)
FN:127,(anonymous_12)
FN:143,(anonymous_13)
FN:154,(anonymous_14)
FN:166,(anonymous_15)
FNF:16
FNH:2
FNDA:30,(anonymous_0)
FNDA:1040,(anonymous_1)
FNDA:0,(anonymous_2)
FNDA:0,(anonymous_3)
FNDA:0,(anonymous_4)
FNDA:0,(anonymous_5)
FNDA:0,(anonymous_6)
FNDA:0,(anonymous_7)
FNDA:0,(anonymous_8)
FNDA:0,(anonymous_9)
FNDA:0,(anonymous_10)
FNDA:0,(anonymous_11)
FNDA:0,(anonymous_12)
FNDA:0,(anonymous_13)
FNDA:0,(anonymous_14)
FNDA:0,(anonymous_15)
DA:22,10
DA:23,10
DA:25,10
DA:34,30
DA:42,1040
DA:49,0
DA:56,0
DA:66,0
DA:79,0
DA:87,0
DA:91,0
DA:98,10
DA:100,0
DA:108,0
DA:114,0
DA:121,0
DA:133,0
DA:148,0
DA:158,0
DA:167,0
LF:20
LH:6
BRDA:34,0,0,30
BRDA:34,0,1,30
BRDA:44,1,0,1040
BRDA:44,1,1,940
BRDA:79,2,0,0
BRDA:79,2,1,0
BRF:6
BRH:4
end_of_record
TN:
SF:src/config/typeormOptions.ts
FNF:0
FNH:0
DA:22,10
DA:23,10
DA:27,10
DA:29,10
DA:30,10
DA:31,10
DA:32,10
DA:33,10
DA:34,10
DA:36,10
DA:39,10
DA:41,10
DA:43,10
DA:44,10
DA:45,10
DA:51,10
DA:57,10
DA:59,10
DA:61,10
DA:66,10
DA:71,10
DA:74,10
DA:77,10
DA:97,10
DA:101,0
DA:104,0
DA:124,0
DA:127,0
DA:142,0
DA:146,0
DA:154,0
DA:162,0
DA:165,10
DA:166,10
DA:168,10
DA:172,10
DA:173,10
DA:176,10
DA:178,10
DA:179,10
DA:180,10
DA:198,0
DA:199,0
DA:200,0
DA:219,10
LF:45
LH:34
BRDA:39,0,0,10
BRDA:39,0,1,0
BRDA:41,1,0,10
BRDA:41,1,1,0
BRDA:43,2,0,10
BRDA:43,2,1,0
BRDA:44,3,0,10
BRDA:44,3,1,0
BRDA:45,4,0,10
BRDA:45,4,1,0
BRDA:51,5,0,0
BRDA:51,5,1,10
BRDA:57,6,0,10
BRDA:57,6,1,10
BRDA:57,6,2,10
BRDA:71,7,0,10
BRDA:71,7,1,0
BRDA:71,7,2,0
BRDA:71,7,3,0
BRDA:168,8,0,10
BRDA:178,9,0,10
BRDA:178,9,1,0
BRDA:198,10,0,0
BRF:23
BRH:12
end_of_record
TN:
SF:src/config/resources/graphql/graphql.ts
FNF:0
FNH:0
DA:1,10
DA:5,10
DA:6,10
DA:8,10
DA:9,10
DA:14,10
LF:6
LH:6
BRF:0
BRH:0
end_of_record
TN:
SF:src/dev/db-populate.service.ts
FN:61,(anonymous_5)
FN:68,(anonymous_6)
FN:72,(anonymous_7)
FN:195,(anonymous_8)
FN:197,(anonymous_9)
FNF:5
FNH:3
FNDA:10,(anonymous_5)
FNDA:10,(anonymous_6)
FNDA:10,(anonymous_7)
FNDA:0,(anonymous_8)
FNDA:0,(anonymous_9)
DA:24,10
DA:26,10
DA:27,10
DA:30,10
DA:31,10
DA:32,10
DA:33,10
DA:34,10
DA:48,10
DA:49,10
DA:53,10
DA:55,10
DA:62,10
DA:69,10
DA:73,10
DA:74,0
DA:77,10
DA:78,10
DA:80,10
DA:81,10
DA:84,0
DA:85,0
DA:88,0
DA:89,0
DA:92,0
DA:93,0
DA:96,10
DA:100,10
DA:101,10
DA:103,10
DA:104,10
DA:106,10
DA:107,10
DA:109,10
DA:110,10
DA:116,10
DA:117,10
DA:118,10
DA:123,10
DA:124,10
DA:126,30
DA:128,10
DA:133,0
DA:134,0
DA:135,0
DA:137,0
DA:138,0
DA:139,0
DA:145,0
DA:146,0
DA:147,0
DA:152,0
DA:155,0
DA:157,0
DA:159,0
DA:163,0
DA:164,0
DA:165,0
DA:167,0
DA:168,0
DA:169,0
DA:175,0
DA:177,0
DA:179,0
DA:180,0
DA:182,0
DA:183,0
DA:189,0
DA:190,0
DA:191,0
DA:195,0
DA:198,0
DA:199,0
DA:200,0
DA:201,0
DA:203,0
DA:205,0
DA:209,0
DA:210,0
LF:79
LH:35
BRDA:73,0,0,0
BRDA:78,1,0,10
BRDA:78,1,1,0
BRDA:78,1,2,0
BRDA:78,1,3,0
BRDA:186,2,0,0
BRDA:199,3,0,0
BRDA:200,4,0,0
BRDA:200,4,1,0
BRF:9
BRH:1
end_of_record
TN:
SF:src/dev/dev.controller.ts
FN:55,(anonymous_4)
FN:66,(anonymous_5)
FNF:2
FNH:1
FNDA:10,(anonymous_4)
FNDA:0,(anonymous_5)
DA:23,10
DA:30,10
DA:31,10
DA:39,10
DA:41,10
DA:52,10
DA:56,10
DA:66,10
DA:67,0
DA:68,0
DA:72,0
LF:11
LH:8
BRF:0
BRH:0
end_of_record
TN:
SF:src/logger/banner.service.ts
FN:24,(anonymous_2)
FN:26,(anonymous_3)
FNF:2
FNH:2
FNDA:10,(anonymous_2)
FNDA:10,(anonymous_3)
DA:6,10
DA:7,10
DA:8,10
DA:9,10
DA:10,10
DA:11,10
DA:12,10
DA:18,10
DA:19,10
DA:25,10
DA:26,10
DA:29,10
DA:30,10
DA:31,10
DA:32,10
DA:33,10
DA:34,10
DA:35,10
DA:36,10
LF:19
LH:19
BRF:0
BRH:0
end_of_record
TN:
SF:src/logger/logger.ts
FN:14,(anonymous_0)
FNF:1
FNH:1
FNDA:190,(anonymous_0)
DA:1,10
DA:11,10
DA:14,10
DA:15,190
DA:17,190
DA:19,190
LF:6
LH:6
BRDA:14,0,0,190
BRF:1
BRH:1
end_of_record
TN:
SF:src/logger/request-logger.middleware.ts
FN:19,(anonymous_1)
FNF:1
FNH:1
FNDA:60,(anonymous_1)
DA:1,10
DA:3,10
DA:11,10
DA:12,10
DA:20,60
DA:21,60
DA:27,60
LF:7
LH:7
BRF:0
BRH:0
end_of_record
TN:
SF:src/logger/response-time.interceptor.ts
FN:23,(anonymous_1)
FN:28,(anonymous_2)
FN:54,(anonymous_3)
FNF:3
FNH:3
FNDA:57,(anonymous_1)
FNDA:57,(anonymous_2)
FNDA:156,(anonymous_3)
DA:1,10
DA:10,10
DA:11,10
DA:12,10
DA:20,10
DA:21,40
DA:24,57
DA:25,57
DA:29,57
DA:30,57
DA:32,57
DA:34,57
DA:36,31
DA:37,31
DA:39,26
DA:51,57
DA:54,40
LF:17
LH:17
BRDA:34,0,0,31
BRF:1
BRH:1
end_of_record
TN:
SF:src/mail/mail.service.ts
FN:41,(anonymous_7)
FN:54,(anonymous_8)
FNF:2
FNH:2
FNDA:2,(anonymous_7)
FNDA:2,(anonymous_8)
DA:24,10
DA:26,10
DA:27,10
DA:38,10
DA:39,10
DA:42,2
DA:43,0
DA:44,0
DA:47,2
DA:48,2
DA:50,2
DA:51,2
DA:53,2
DA:54,4
DA:55,2
DA:57,2
LF:16
LH:14
BRDA:42,0,0,0
BRF:1
BRH:0
end_of_record
TN:
SF:src/security/http/helmet.handler.ts
FNF:0
FNH:0
DA:23,0
LF:1
LH:0
BRF:0
BRH:0
end_of_record
TN:
SF:src/security/keycloak/keycloak.service.ts
FN:30,(anonymous_3)
FN:48,(anonymous_4)
FN:52,(anonymous_5)
FN:78,(anonymous_6)
FNF:4
FNH:4
FNDA:20,(anonymous_3)
FNDA:10,(anonymous_4)
FNDA:23,(anonymous_5)
FNDA:2,(anonymous_6)
DA:6,10
DA:11,10
DA:12,10
DA:13,10
DA:15,10
DA:23,10
DA:28,20
DA:32,20
DA:36,20
DA:41,20
DA:45,20
DA:49,10
DA:53,23
DA:54,23
DA:55,1
DA:60,22
DA:62,22
DA:63,22
DA:69,2
DA:70,2
DA:73,20
DA:74,20
DA:75,20
DA:79,2
DA:80,2
DA:81,0
DA:85,2
DA:87,2
DA:88,2
DA:94,0
DA:99,0
DA:101,2
DA:102,2
DA:110,20
DA:112,20
DA:115,20
DA:116,0
DA:118,20
DA:123,20
DA:124,20
DA:125,20
DA:126,20
DA:129,20
LF:43
LH:39
BRDA:54,0,0,1
BRDA:54,1,0,23
BRDA:54,1,1,22
BRDA:80,2,0,0
BRDA:115,3,0,0
BRF:5
BRH:3
end_of_record
TN:
SF:src/security/keycloak/login.controller.ts
FN:64,(anonymous_4)
FN:87,(anonymous_5)
FN:110,(anonymous_6)
FNF:3
FNH:3
FNDA:10,(anonymous_4)
FNDA:14,(anonymous_5)
FNDA:1,(anonymous_6)
DA:9,10
DA:17,10
DA:26,10
DA:27,10
DA:29,10
DA:30,10
DA:31,10
DA:35,10
DA:39,10
DA:43,10
DA:47,10
DA:50,10
DA:59,10
DA:62,10
DA:65,10
DA:87,10
DA:88,14
DA:90,14
DA:94,14
DA:95,2
DA:98,12
DA:110,10
DA:112,1
DA:113,1
DA:115,1
DA:116,1
DA:117,0
DA:120,1
LF:28
LH:27
BRDA:94,0,0,2
BRDA:116,1,0,0
BRF:2
BRH:1
end_of_record
TN:
SF:src/security/keycloak/login.resolver.ts
FN:32,(anonymous_4)
FN:38,(anonymous_5)
FN:57,(anonymous_6)
FNF:3
FNH:3
FNDA:10,(anonymous_4)
FNDA:9,(anonymous_5)
FNDA:1,(anonymous_6)
DA:2,10
DA:3,10
DA:4,10
DA:5,10
DA:6,10
DA:7,10
DA:8,10
DA:27,10
DA:30,10
DA:33,10
DA:38,10
DA:39,9
DA:41,9
DA:45,9
DA:46,1
DA:51,8
DA:52,8
DA:57,10
DA:58,1
DA:60,1
DA:62,1
DA:63,1
DA:64,0
DA:67,1
DA:68,1
LF:25
LH:24
BRDA:45,0,0,1
BRDA:63,1,0,0
BRF:2
BRH:1
end_of_record
